<?xml version="1.0" encoding="UTF-8"?>
<!-- Generated by org.testng.reporters.JUnitXMLReporter -->
<testsuite hostname="DESKTOP-GP5DFL3" ignored="0" name="Default test" tests="6" failures="0" timestamp="27 Apr 2020 09:58:29 GMT" time="56.013" errors="0">
  <testcase name="createAndLoginAccount" time="9.842" classname="common.testcases.MyStoreOrder"/>
  <testcase name="dummylogin" time="4.053" classname="common.testcases.MyStoreOrder"/>
  <testcase name="performAddToCart" time="10.89" classname="common.testcases.MyStoreOrder"/>
  <testcase name="verifySummaryTabCost" time="5.411" classname="common.testcases.MyStoreOrder"/>
  <testcase name="verifyPaymentTabC0st" time="3.279" classname="common.testcases.MyStoreOrder"/>
  <testcase name="verifyOrderHistoryCost" time="3.763" classname="common.testcases.MyStoreOrder"/>
</testsuite> <!-- Default test -->
